<?xml version="1.0" encoding="UTF-8"?>
<!-- Generated by org.testng.reporters.JUnitReportReporter -->
<testsuite hostname="ebpadmin-ideacentre-A340-24IWL" failures="0" tests="2" name="com.niraj.eb.testcases.HomePageTest" time="4.424" errors="0" timestamp="2025-04-08T09:54:19 NPT" skipped="0">
  <testcase classname="com.niraj.eb.testcases.HomePageTest" name="verifyHomePageTitleTest" time="1.684"/>
  <testcase classname="com.niraj.eb.testcases.HomePageTest" name="addItemsToCart" time="2.740"/>
</testsuite> <!-- com.niraj.eb.testcases.HomePageTest -->
