<?xml version="1.0" encoding="UTF-8"?>
<!-- Generated by org.testng.reporters.JUnitReportReporter -->
<testsuite hostname="ebpadmin-ideacentre-A340-24IWL" failures="0" tests="1" name="com.niraj.eb.testcases.CartTest" time="3.130" errors="0" timestamp="2025-04-09T16:54:38 NPT" skipped="0">
  <testcase classname="com.niraj.eb.testcases.CartTest" name="checkoutInfo" time="3.130"/>
</testsuite> <!-- com.niraj.eb.testcases.CartTest -->
