<?xml version="1.0" encoding="UTF-8"?>
<!-- Generated by org.testng.reporters.JUnitReportReporter -->
<testsuite hostname="ebpadmin-ideacentre-A340-24IWL" failures="0" tests="1" name="com.niraj.eb.testcases.LoginTest" time="2.539" errors="0" timestamp="2025-04-08T12:28:06 NPT" skipped="0">
  <testcase classname="com.niraj.eb.testcases.LoginTest" name="loginTest" time="2.539"/>
</testsuite> <!-- com.niraj.eb.testcases.LoginTest -->
